<?xml version="1.0" encoding="UTF-8"?>
<testsuite xmlns:xsi="http://www.w3.org/2001/XMLSchema-instance" xsi:noNamespaceSchemaLocation="https://maven.apache.org/surefire/maven-surefire-plugin/xsd/surefire-test-report-3.0.xsd" version="3.0" name="com.frauddetection.api.rule.definition.AnonymousPrepaidIndicatorRuleTest" time="0.786" tests="4" errors="0" skipped="0" failures="0">
  <properties>
    <property name="java.specification.version" value="21"/>
    <property name="sun.cpu.isalist" value="amd64"/>
    <property name="sun.jnu.encoding" value="Cp1250"/>
    <property name="java.class.path" value="D:\Academy\repo\fraud-detection-api\fraud-detection-api\fraud-detection-risk-score\target\test-classes;D:\Academy\repo\fraud-detection-api\fraud-detection-api\fraud-detection-risk-score\target\classes;D:\Academy\repo\fraud-detection-api\fraud-detection-api\fraud-detection-common\target\fraud-detection-common-1.0-SNAPSHOT.jar;C:\Users\pstefanski\.m2\repository\jakarta\validation\jakarta.validation-api\3.0.2\jakarta.validation-api-3.0.2.jar;C:\Users\pstefanski\.m2\repository\io\quarkus\quarkus-security-jpa-common\3.21.4\quarkus-security-jpa-common-3.21.4.jar;C:\Users\pstefanski\.m2\repository\io\quarkus\quarkus-elytron-security-common\3.21.4\quarkus-elytron-security-common-3.21.4.jar;C:\Users\pstefanski\.m2\repository\org\wildfly\security\wildfly-elytron-credential\2.6.3.Final\wildfly-elytron-credential-2.6.3.Final.jar;C:\Users\pstefanski\.m2\repository\org\wildfly\security\wildfly-elytron-asn1\2.6.3.Final\wildfly-elytron-asn1-2.6.3.Final.jar;C:\Users\pstefanski\.m2\repository\org\wildfly\security\wildfly-elytron-keystore\2.6.3.Final\wildfly-elytron-keystore-2.6.3.Final.jar;C:\Users\pstefanski\.m2\repository\org\wildfly\security\wildfly-elytron-util\2.6.3.Final\wildfly-elytron-util-2.6.3.Final.jar;C:\Users\pstefanski\.m2\repository\org\wildfly\security\wildfly-elytron-base\2.6.3.Final\wildfly-elytron-base-2.6.3.Final.jar;C:\Users\pstefanski\.m2\repository\org\wildfly\security\wildfly-elytron-x500-cert\2.6.3.Final\wildfly-elytron-x500-cert-2.6.3.Final.jar;C:\Users\pstefanski\.m2\repository\org\wildfly\security\wildfly-elytron-x500-cert-util\2.6.3.Final\wildfly-elytron-x500-cert-util-2.6.3.Final.jar;C:\Users\pstefanski\.m2\repository\org\wildfly\security\wildfly-elytron-provider-util\2.6.3.Final\wildfly-elytron-provider-util-2.6.3.Final.jar;C:\Users\pstefanski\.m2\repository\org\wildfly\security\wildfly-elytron-x500\2.6.3.Final\wildfly-elytron-x500-2.6.3.Final.jar;C:\Users\pstefanski\.m2\repository\org\wildfly\security\wildfly-elytron-password-impl\2.6.3.Final\wildfly-elytron-password-impl-2.6.3.Final.jar;C:\Users\pstefanski\.m2\repository\io\quarkus\quarkus-security\3.21.4\quarkus-security-3.21.4.jar;C:\Users\pstefanski\.m2\repository\io\quarkus\quarkus-security-runtime-spi\3.21.4\quarkus-security-runtime-spi-3.21.4.jar;C:\Users\pstefanski\.m2\repository\io\quarkus\security\quarkus-security\2.2.1\quarkus-security-2.2.1.jar;C:\Users\pstefanski\.m2\repository\jakarta\persistence\jakarta.persistence-api\3.1.0\jakarta.persistence-api-3.1.0.jar;C:\Users\pstefanski\.m2\repository\io\quarkus\quarkus-hibernate-orm-panache\3.21.4\quarkus-hibernate-orm-panache-3.21.4.jar;C:\Users\pstefanski\.m2\repository\io\quarkus\quarkus-hibernate-orm\3.21.4\quarkus-hibernate-orm-3.21.4.jar;C:\Users\pstefanski\.m2\repository\io\quarkus\quarkus-agroal\3.21.4\quarkus-agroal-3.21.4.jar;C:\Users\pstefanski\.m2\repository\io\quarkus\quarkus-datasource\3.21.4\quarkus-datasource-3.21.4.jar;C:\Users\pstefanski\.m2\repository\io\agroal\agroal-api\2.6\agroal-api-2.6.jar;C:\Users\pstefanski\.m2\repository\io\agroal\agroal-narayana\2.6\agroal-narayana-2.6.jar;C:\Users\pstefanski\.m2\repository\org\jboss\jboss-transaction-spi\8.0.0.Final\jboss-transaction-spi-8.0.0.Final.jar;C:\Users\pstefanski\.m2\repository\io\agroal\agroal-pool\2.6\agroal-pool-2.6.jar;C:\Users\pstefanski\.m2\repository\io\quarkus\quarkus-credentials\3.21.4\quarkus-credentials-3.21.4.jar;C:\Users\pstefanski\.m2\repository\io\quarkus\quarkus-narayana-jta\3.21.4\quarkus-narayana-jta-3.21.4.jar;C:\Users\pstefanski\.m2\repository\io\quarkus\quarkus-transaction-annotations\3.21.4\quarkus-transaction-annotations-3.21.4.jar;C:\Users\pstefanski\.m2\repository\io\quarkus\quarkus-datasource-common\3.21.4\quarkus-datasource-common-3.21.4.jar;C:\Users\pstefanski\.m2\repository\io\smallrye\smallrye-context-propagation-jta\2.2.1\smallrye-context-propagation-jta-2.2.1.jar;C:\Users\pstefanski\.m2\repository\io\smallrye\reactive\smallrye-reactive-converter-api\3.0.3\smallrye-reactive-converter-api-3.0.3.jar;C:\Users\pstefanski\.m2\repository\org\reactivestreams\reactive-streams\1.0.4\reactive-streams-1.0.4.jar;C:\Users\pstefanski\.m2\repository\io\smallrye\reactive\smallrye-reactive-converter-mutiny\3.0.3\smallrye-reactive-converter-mutiny-3.0.3.jar;C:\Users\pstefanski\.m2\repository\io\smallrye\reactive\mutiny-zero-flow-adapters\1.1.1\mutiny-zero-flow-adapters-1.1.1.jar;C:\Users\pstefanski\.m2\repository\org\jboss\narayana\jta\narayana-jta\7.2.1.Final\narayana-jta-7.2.1.Final.jar;C:\Users\pstefanski\.m2\repository\jakarta\resource\jakarta.resource-api\2.1.0\jakarta.resource-api-2.1.0.jar;C:\Users\pstefanski\.m2\repository\org\jboss\invocation\jboss-invocation\2.0.0.Final\jboss-invocation-2.0.0.Final.jar;C:\Users\pstefanski\.m2\repository\org\eclipse\microprofile\reactive-streams-operators\microprofile-reactive-streams-operators-api\3.0.1\microprofile-reactive-streams-operators-api-3.0.1.jar;C:\Users\pstefanski\.m2\repository\org\jboss\narayana\jts\narayana-jts-integration\7.2.1.Final\narayana-jts-integration-7.2.1.Final.jar;C:\Users\pstefanski\.m2\repository\org\hibernate\orm\hibernate-core\6.6.13.Final\hibernate-core-6.6.13.Final.jar;C:\Users\pstefanski\.m2\repository\org\antlr\antlr4-runtime\4.13.0\antlr4-runtime-4.13.0.jar;C:\Users\pstefanski\.m2\repository\org\hibernate\common\hibernate-commons-annotations\7.0.3.Final\hibernate-commons-annotations-7.0.3.Final.jar;C:\Users\pstefanski\.m2\repository\org\hibernate\orm\hibernate-graalvm\6.6.13.Final\hibernate-graalvm-6.6.13.Final.jar;C:\Users\pstefanski\.m2\repository\org\glassfish\jaxb\jaxb-runtime\4.0.5\jaxb-runtime-4.0.5.jar;C:\Users\pstefanski\.m2\repository\org\glassfish\jaxb\jaxb-core\4.0.5\jaxb-core-4.0.5.jar;C:\Users\pstefanski\.m2\repository\org\eclipse\angus\angus-activation\2.0.2\angus-activation-2.0.2.jar;C:\Users\pstefanski\.m2\repository\org\glassfish\jaxb\txw2\4.0.5\txw2-4.0.5.jar;C:\Users\pstefanski\.m2\repository\com\sun\istack\istack-commons-runtime\4.1.2\istack-commons-runtime-4.1.2.jar;C:\Users\pstefanski\.m2\repository\jakarta\xml\bind\jakarta.xml.bind-api\4.0.2\jakarta.xml.bind-api-4.0.2.jar;C:\Users\pstefanski\.m2\repository\jakarta\activation\jakarta.activation-api\2.1.3\jakarta.activation-api-2.1.3.jar;C:\Users\pstefanski\.m2\repository\jakarta\transaction\jakarta.transaction-api\2.0.1\jakarta.transaction-api-2.0.1.jar;C:\Users\pstefanski\.m2\repository\org\hibernate\quarkus-local-cache\0.3.1\quarkus-local-cache-0.3.1.jar;C:\Users\pstefanski\.m2\repository\io\quarkus\quarkus-hibernate-orm-panache-common\3.21.4\quarkus-hibernate-orm-panache-common-3.21.4.jar;C:\Users\pstefanski\.m2\repository\io\quarkus\quarkus-panache-hibernate-common\3.21.4\quarkus-panache-hibernate-common-3.21.4.jar;C:\Users\pstefanski\.m2\repository\io\quarkus\quarkus-panache-common\3.21.4\quarkus-panache-common-3.21.4.jar;C:\Users\pstefanski\.m2\repository\io\quarkus\quarkus-hibernate-validator\3.21.4\quarkus-hibernate-validator-3.21.4.jar;C:\Users\pstefanski\.m2\repository\org\hibernate\validator\hibernate-validator\8.0.2.Final\hibernate-validator-8.0.2.Final.jar;C:\Users\pstefanski\.m2\repository\com\fasterxml\classmate\1.7.0\classmate-1.7.0.jar;C:\Users\pstefanski\.m2\repository\org\glassfish\expressly\expressly\5.0.0\expressly-5.0.0.jar;C:\Users\pstefanski\.m2\repository\io\smallrye\config\smallrye-config-validator\3.12.4\smallrye-config-validator-3.12.4.jar;C:\Users\pstefanski\.m2\repository\jakarta\ws\rs\jakarta.ws.rs-api\3.1.0\jakarta.ws.rs-api-3.1.0.jar;C:\Users\pstefanski\.m2\repository\com\fasterxml\jackson\core\jackson-annotations\2.18.2\jackson-annotations-2.18.2.jar;C:\Users\pstefanski\.m2\repository\jakarta\enterprise\jakarta.enterprise.cdi-api\4.1.0\jakarta.enterprise.cdi-api-4.1.0.jar;C:\Users\pstefanski\.m2\repository\jakarta\enterprise\jakarta.enterprise.lang-model\4.1.0\jakarta.enterprise.lang-model-4.1.0.jar;C:\Users\pstefanski\.m2\repository\jakarta\annotation\jakarta.annotation-api\3.0.0\jakarta.annotation-api-3.0.0.jar;C:\Users\pstefanski\.m2\repository\jakarta\el\jakarta.el-api\5.0.1\jakarta.el-api-5.0.1.jar;C:\Users\pstefanski\.m2\repository\jakarta\interceptor\jakarta.interceptor-api\2.2.0\jakarta.interceptor-api-2.2.0.jar;C:\Users\pstefanski\.m2\repository\jakarta\inject\jakarta.inject-api\2.0.1\jakarta.inject-api-2.0.1.jar;C:\Users\pstefanski\.m2\repository\io\smallrye\config\smallrye-config-core\3.12.4\smallrye-config-core-3.12.4.jar;C:\Users\pstefanski\.m2\repository\org\eclipse\microprofile\config\microprofile-config-api\3.1\microprofile-config-api-3.1.jar;C:\Users\pstefanski\.m2\repository\io\smallrye\common\smallrye-common-annotation\2.12.0\smallrye-common-annotation-2.12.0.jar;C:\Users\pstefanski\.m2\repository\io\smallrye\common\smallrye-common-expression\2.12.0\smallrye-common-expression-2.12.0.jar;C:\Users\pstefanski\.m2\repository\io\smallrye\common\smallrye-common-function\2.12.0\smallrye-common-function-2.12.0.jar;C:\Users\pstefanski\.m2\repository\io\smallrye\common\smallrye-common-constraint\2.12.0\smallrye-common-constraint-2.12.0.jar;C:\Users\pstefanski\.m2\repository\io\smallrye\common\smallrye-common-classloader\2.12.0\smallrye-common-classloader-2.12.0.jar;C:\Users\pstefanski\.m2\repository\org\jboss\logging\jboss-logging\3.6.1.Final\jboss-logging-3.6.1.Final.jar;C:\Users\pstefanski\.m2\repository\org\ow2\asm\asm\9.7.1\asm-9.7.1.jar;C:\Users\pstefanski\.m2\repository\io\smallrye\config\smallrye-config-common\3.12.4\smallrye-config-common-3.12.4.jar;C:\Users\pstefanski\.m2\repository\io\quarkus\quarkus-cache\3.21.4\quarkus-cache-3.21.4.jar;C:\Users\pstefanski\.m2\repository\io\quarkus\quarkus-arc\3.21.4\quarkus-arc-3.21.4.jar;C:\Users\pstefanski\.m2\repository\io\quarkus\arc\arc\3.21.4\arc-3.21.4.jar;C:\Users\pstefanski\.m2\repository\org\eclipse\microprofile\context-propagation\microprofile-context-propagation-api\1.3\microprofile-context-propagation-api-1.3.jar;C:\Users\pstefanski\.m2\repository\io\quarkus\quarkus-caffeine\3.21.4\quarkus-caffeine-3.21.4.jar;C:\Users\pstefanski\.m2\repository\com\github\ben-manes\caffeine\caffeine\3.2.0\caffeine-3.2.0.jar;C:\Users\pstefanski\.m2\repository\org\jspecify\jspecify\1.0.0\jspecify-1.0.0.jar;C:\Users\pstefanski\.m2\repository\com\google\errorprone\error_prone_annotations\2.36.0\error_prone_annotations-2.36.0.jar;C:\Users\pstefanski\.m2\repository\io\quarkus\quarkus-mutiny\3.21.4\quarkus-mutiny-3.21.4.jar;C:\Users\pstefanski\.m2\repository\io\smallrye\reactive\mutiny\2.8.0\mutiny-2.8.0.jar;C:\Users\pstefanski\.m2\repository\org\jctools\jctools-core\4.0.5\jctools-core-4.0.5.jar;C:\Users\pstefanski\.m2\repository\io\quarkus\quarkus-smallrye-context-propagation\3.21.4\quarkus-smallrye-context-propagation-3.21.4.jar;C:\Users\pstefanski\.m2\repository\io\smallrye\smallrye-context-propagation\2.2.1\smallrye-context-propagation-2.2.1.jar;C:\Users\pstefanski\.m2\repository\io\smallrye\smallrye-context-propagation-api\2.2.1\smallrye-context-propagation-api-2.2.1.jar;C:\Users\pstefanski\.m2\repository\io\smallrye\smallrye-context-propagation-storage\2.2.1\smallrye-context-propagation-storage-2.2.1.jar;C:\Users\pstefanski\.m2\repository\io\smallrye\reactive\mutiny-smallrye-context-propagation\2.8.0\mutiny-smallrye-context-propagation-2.8.0.jar;C:\Users\pstefanski\.m2\repository\io\quarkus\quarkus-vertx\3.21.4\quarkus-vertx-3.21.4.jar;C:\Users\pstefanski\.m2\repository\io\quarkus\quarkus-netty\3.21.4\quarkus-netty-3.21.4.jar;C:\Users\pstefanski\.m2\repository\io\netty\netty-codec\4.1.119.Final\netty-codec-4.1.119.Final.jar;C:\Users\pstefanski\.m2\repository\io\netty\netty-common\4.1.119.Final\netty-common-4.1.119.Final.jar;C:\Users\pstefanski\.m2\repository\io\netty\netty-codec-http\4.1.119.Final\netty-codec-http-4.1.119.Final.jar;C:\Users\pstefanski\.m2\repository\io\netty\netty-codec-http2\4.1.119.Final\netty-codec-http2-4.1.119.Final.jar;C:\Users\pstefanski\.m2\repository\io\netty\netty-handler\4.1.119.Final\netty-handler-4.1.119.Final.jar;C:\Users\pstefanski\.m2\repository\io\netty\netty-resolver\4.1.119.Final\netty-resolver-4.1.119.Final.jar;C:\Users\pstefanski\.m2\repository\io\netty\netty-transport-native-unix-common\4.1.119.Final\netty-transport-native-unix-common-4.1.119.Final.jar;C:\Users\pstefanski\.m2\repository\io\netty\netty-codec-haproxy\4.1.119.Final\netty-codec-haproxy-4.1.119.Final.jar;C:\Users\pstefanski\.m2\repository\io\netty\netty-buffer\4.1.119.Final\netty-buffer-4.1.119.Final.jar;C:\Users\pstefanski\.m2\repository\io\netty\netty-transport\4.1.119.Final\netty-transport-4.1.119.Final.jar;C:\Users\pstefanski\.m2\repository\io\smallrye\common\smallrye-common-vertx-context\2.12.0\smallrye-common-vertx-context-2.12.0.jar;C:\Users\pstefanski\.m2\repository\io\vertx\vertx-core\4.5.14\vertx-core-4.5.14.jar;C:\Users\pstefanski\.m2\repository\io\netty\netty-handler-proxy\4.1.119.Final\netty-handler-proxy-4.1.119.Final.jar;C:\Users\pstefanski\.m2\repository\io\netty\netty-codec-socks\4.1.119.Final\netty-codec-socks-4.1.119.Final.jar;C:\Users\pstefanski\.m2\repository\io\netty\netty-resolver-dns\4.1.119.Final\netty-resolver-dns-4.1.119.Final.jar;C:\Users\pstefanski\.m2\repository\io\netty\netty-codec-dns\4.1.119.Final\netty-codec-dns-4.1.119.Final.jar;C:\Users\pstefanski\.m2\repository\com\fasterxml\jackson\core\jackson-core\2.18.2\jackson-core-2.18.2.jar;C:\Users\pstefanski\.m2\repository\io\quarkus\quarkus-virtual-threads\3.21.4\quarkus-virtual-threads-3.21.4.jar;C:\Users\pstefanski\.m2\repository\io\quarkus\quarkus-vertx-latebound-mdc-provider\3.21.4\quarkus-vertx-latebound-mdc-provider-3.21.4.jar;C:\Users\pstefanski\.m2\repository\io\smallrye\reactive\smallrye-mutiny-vertx-core\3.18.1\smallrye-mutiny-vertx-core-3.18.1.jar;C:\Users\pstefanski\.m2\repository\io\smallrye\reactive\smallrye-mutiny-vertx-runtime\3.18.1\smallrye-mutiny-vertx-runtime-3.18.1.jar;C:\Users\pstefanski\.m2\repository\io\smallrye\reactive\vertx-mutiny-generator\3.18.1\vertx-mutiny-generator-3.18.1.jar;C:\Users\pstefanski\.m2\repository\io\vertx\vertx-codegen\4.5.14\vertx-codegen-4.5.14.jar;C:\Users\pstefanski\.m2\repository\io\smallrye\smallrye-fault-tolerance-vertx\6.9.1\smallrye-fault-tolerance-vertx-6.9.1.jar;C:\Users\pstefanski\.m2\repository\io\quarkus\quarkus-cache-runtime-spi\3.21.4\quarkus-cache-runtime-spi-3.21.4.jar;C:\Users\pstefanski\.m2\repository\org\projectlombok\lombok\1.18.38\lombok-1.18.38.jar;C:\Users\pstefanski\.m2\repository\io\quarkus\quarkus-junit5\3.21.4\quarkus-junit5-3.21.4.jar;C:\Users\pstefanski\.m2\repository\io\quarkus\quarkus-bootstrap-core\3.21.4\quarkus-bootstrap-core-3.21.4.jar;C:\Users\pstefanski\.m2\repository\io\quarkus\quarkus-classloader-commons\3.21.4\quarkus-classloader-commons-3.21.4.jar;C:\Users\pstefanski\.m2\repository\io\quarkus\quarkus-bootstrap-app-model\3.21.4\quarkus-bootstrap-app-model-3.21.4.jar;C:\Users\pstefanski\.m2\repository\io\smallrye\common\smallrye-common-io\2.12.0\smallrye-common-io-2.12.0.jar;C:\Users\pstefanski\.m2\repository\org\eclipse\sisu\org.eclipse.sisu.inject\0.9.0.M3\org.eclipse.sisu.inject-0.9.0.M3.jar;C:\Users\pstefanski\.m2\repository\io\quarkus\quarkus-test-common\3.21.4\quarkus-test-common-3.21.4.jar;C:\Users\pstefanski\.m2\repository\io\quarkus\quarkus-core-deployment\3.21.4\quarkus-core-deployment-3.21.4.jar;C:\Users\pstefanski\.m2\repository\org\aesh\readline\2.6\readline-2.6.jar;C:\Users\pstefanski\.m2\repository\org\fusesource\jansi\jansi\2.4.0\jansi-2.4.0.jar;C:\Users\pstefanski\.m2\repository\org\aesh\aesh\2.8.2\aesh-2.8.2.jar;C:\Users\pstefanski\.m2\repository\org\apache\commons\commons-lang3\3.17.0\commons-lang3-3.17.0.jar;C:\Users\pstefanski\.m2\repository\io\quarkus\gizmo\gizmo\1.9.0\gizmo-1.9.0.jar;C:\Users\pstefanski\.m2\repository\org\ow2\asm\asm-util\9.7.1\asm-util-9.7.1.jar;C:\Users\pstefanski\.m2\repository\org\ow2\asm\asm-analysis\9.7.1\asm-analysis-9.7.1.jar;C:\Users\pstefanski\.m2\repository\org\ow2\asm\asm-commons\9.7.1\asm-commons-9.7.1.jar;C:\Users\pstefanski\.m2\repository\org\ow2\asm\asm-tree\9.7.1\asm-tree-9.7.1.jar;C:\Users\pstefanski\.m2\repository\io\quarkus\quarkus-hibernate-validator-spi\3.21.4\quarkus-hibernate-validator-spi-3.21.4.jar;C:\Users\pstefanski\.m2\repository\io\quarkus\quarkus-class-change-agent\3.21.4\quarkus-class-change-agent-3.21.4.jar;C:\Users\pstefanski\.m2\repository\io\quarkus\quarkus-devtools-utilities\3.21.4\quarkus-devtools-utilities-3.21.4.jar;C:\Users\pstefanski\.m2\repository\io\quarkus\quarkus-builder\3.21.4\quarkus-builder-3.21.4.jar;C:\Users\pstefanski\.m2\repository\org\graalvm\sdk\nativeimage\23.1.2\nativeimage-23.1.2.jar;C:\Users\pstefanski\.m2\repository\org\graalvm\sdk\word\23.1.2\word-23.1.2.jar;C:\Users\pstefanski\.m2\repository\org\junit\platform\junit-platform-launcher\1.12.2\junit-platform-launcher-1.12.2.jar;C:\Users\pstefanski\.m2\repository\io\quarkus\quarkus-bootstrap-maven-resolver\3.21.4\quarkus-bootstrap-maven-resolver-3.21.4.jar;C:\Users\pstefanski\.m2\repository\io\smallrye\beanbag\smallrye-beanbag-maven\1.5.2\smallrye-beanbag-maven-1.5.2.jar;C:\Users\pstefanski\.m2\repository\io\smallrye\beanbag\smallrye-beanbag-sisu\1.5.2\smallrye-beanbag-sisu-1.5.2.jar;C:\Users\pstefanski\.m2\repository\io\smallrye\beanbag\smallrye-beanbag\1.5.2\smallrye-beanbag-1.5.2.jar;C:\Users\pstefanski\.m2\repository\commons-codec\commons-codec\1.18.0\commons-codec-1.18.0.jar;C:\Users\pstefanski\.m2\repository\javax\inject\javax.inject\1\javax.inject-1.jar;C:\Users\pstefanski\.m2\repository\org\apache\httpcomponents\httpclient\4.5.14\httpclient-4.5.14.jar;C:\Users\pstefanski\.m2\repository\org\apache\httpcomponents\httpcore\4.4.16\httpcore-4.4.16.jar;C:\Users\pstefanski\.m2\repository\org\apache\maven\maven-artifact\3.9.9\maven-artifact-3.9.9.jar;C:\Users\pstefanski\.m2\repository\org\apache\maven\maven-builder-support\3.9.9\maven-builder-support-3.9.9.jar;C:\Users\pstefanski\.m2\repository\org\apache\maven\maven-model\3.9.9\maven-model-3.9.9.jar;C:\Users\pstefanski\.m2\repository\org\apache\maven\maven-model-builder\3.9.9\maven-model-builder-3.9.9.jar;C:\Users\pstefanski\.m2\repository\org\apache\maven\maven-repository-metadata\3.9.9\maven-repository-metadata-3.9.9.jar;C:\Users\pstefanski\.m2\repository\org\apache\maven\maven-settings\3.9.9\maven-settings-3.9.9.jar;C:\Users\pstefanski\.m2\repository\org\apache\maven\resolver\maven-resolver-api\1.9.22\maven-resolver-api-1.9.22.jar;C:\Users\pstefanski\.m2\repository\org\apache\maven\resolver\maven-resolver-impl\1.9.22\maven-resolver-impl-1.9.22.jar;C:\Users\pstefanski\.m2\repository\org\apache\maven\resolver\maven-resolver-named-locks\1.9.22\maven-resolver-named-locks-1.9.22.jar;C:\Users\pstefanski\.m2\repository\org\apache\maven\resolver\maven-resolver-spi\1.9.22\maven-resolver-spi-1.9.22.jar;C:\Users\pstefanski\.m2\repository\org\apache\maven\resolver\maven-resolver-util\1.9.22\maven-resolver-util-1.9.22.jar;C:\Users\pstefanski\.m2\repository\org\apache\maven\resolver\maven-resolver-transport-http\1.9.20\maven-resolver-transport-http-1.9.20.jar;C:\Users\pstefanski\.m2\repository\org\apache\maven\wagon\wagon-provider-api\3.5.3\wagon-provider-api-3.5.3.jar;C:\Users\pstefanski\.m2\repository\org\apache\maven\wagon\wagon-http-shared\3.5.3\wagon-http-shared-3.5.3.jar;C:\Users\pstefanski\.m2\repository\org\codehaus\plexus\plexus-interpolation\1.26\plexus-interpolation-1.26.jar;C:\Users\pstefanski\.m2\repository\org\codehaus\plexus\plexus-utils\3.5.1\plexus-utils-3.5.1.jar;C:\Users\pstefanski\.m2\repository\org\codehaus\plexus\plexus-xml\4.0.1\plexus-xml-4.0.1.jar;C:\Users\pstefanski\.m2\repository\org\apache\maven\maven-xml-impl\4.0.0-alpha-5\maven-xml-impl-4.0.0-alpha-5.jar;C:\Users\pstefanski\.m2\repository\org\apache\maven\maven-api-xml\4.0.0-alpha-5\maven-api-xml-4.0.0-alpha-5.jar;C:\Users\pstefanski\.m2\repository\org\apache\maven\maven-api-meta\4.0.0-alpha-5\maven-api-meta-4.0.0-alpha-5.jar;C:\Users\pstefanski\.m2\repository\org\codehaus\plexus\plexus-cipher\2.0\plexus-cipher-2.0.jar;C:\Users\pstefanski\.m2\repository\org\codehaus\plexus\plexus-sec-dispatcher\2.0\plexus-sec-dispatcher-2.0.jar;C:\Users\pstefanski\.m2\repository\org\apache\maven\maven-embedder\3.9.9\maven-embedder-3.9.9.jar;C:\Users\pstefanski\.m2\repository\org\apache\maven\maven-core\3.9.9\maven-core-3.9.9.jar;C:\Users\pstefanski\.m2\repository\org\codehaus\plexus\plexus-component-annotations\2.1.0\plexus-component-annotations-2.1.0.jar;C:\Users\pstefanski\.m2\repository\org\apache\maven\maven-plugin-api\3.9.9\maven-plugin-api-3.9.9.jar;C:\Users\pstefanski\.m2\repository\org\apache\maven\shared\maven-shared-utils\3.4.2\maven-shared-utils-3.4.2.jar;C:\Users\pstefanski\.m2\repository\com\google\inject\guice\5.1.0\guice-5.1.0.jar;C:\Users\pstefanski\.m2\repository\aopalliance\aopalliance\1.0\aopalliance-1.0.jar;C:\Users\pstefanski\.m2\repository\com\google\guava\guava\33.4.8-jre\guava-33.4.8-jre.jar;C:\Users\pstefanski\.m2\repository\com\google\guava\failureaccess\1.0.1\failureaccess-1.0.1.jar;C:\Users\pstefanski\.m2\repository\javax\annotation\javax.annotation-api\1.3.2\javax.annotation-api-1.3.2.jar;C:\Users\pstefanski\.m2\repository\org\codehaus\plexus\plexus-classworlds\2.6.0\plexus-classworlds-2.6.0.jar;C:\Users\pstefanski\.m2\repository\commons-cli\commons-cli\1.8.0\commons-cli-1.8.0.jar;C:\Users\pstefanski\.m2\repository\org\eclipse\sisu\org.eclipse.sisu.plexus\0.9.0.M3\org.eclipse.sisu.plexus-0.9.0.M3.jar;C:\Users\pstefanski\.m2\repository\org\apache\maven\maven-settings-builder\3.9.9\maven-settings-builder-3.9.9.jar;C:\Users\pstefanski\.m2\repository\org\apache\maven\maven-resolver-provider\3.9.9\maven-resolver-provider-3.9.9.jar;C:\Users\pstefanski\.m2\repository\org\apache\maven\resolver\maven-resolver-connector-basic\1.9.22\maven-resolver-connector-basic-1.9.22.jar;C:\Users\pstefanski\.m2\repository\org\apache\maven\resolver\maven-resolver-transport-wagon\1.9.22\maven-resolver-transport-wagon-1.9.22.jar;C:\Users\pstefanski\.m2\repository\org\apache\maven\wagon\wagon-http\3.5.3\wagon-http-3.5.3.jar;C:\Users\pstefanski\.m2\repository\org\apache\maven\wagon\wagon-file\3.5.3\wagon-file-3.5.3.jar;C:\Users\pstefanski\.m2\repository\io\quarkus\quarkus-bootstrap-gradle-resolver\3.21.4\quarkus-bootstrap-gradle-resolver-3.21.4.jar;C:\Users\pstefanski\.m2\repository\io\smallrye\jandex\3.3.0\jandex-3.3.0.jar;C:\Users\pstefanski\.m2\repository\commons-io\commons-io\2.18.0\commons-io-2.18.0.jar;C:\Users\pstefanski\.m2\repository\org\jboss\logging\commons-logging-jboss-logging\1.0.0.Final\commons-logging-jboss-logging-1.0.0.Final.jar;C:\Users\pstefanski\.m2\repository\io\quarkus\quarkus-junit5-config\3.21.4\quarkus-junit5-config-3.21.4.jar;C:\Users\pstefanski\.m2\repository\org\junit\jupiter\junit-jupiter-api\5.12.2\junit-jupiter-api-5.12.2.jar;C:\Users\pstefanski\.m2\repository\org\opentest4j\opentest4j\1.3.0\opentest4j-1.3.0.jar;C:\Users\pstefanski\.m2\repository\org\junit\platform\junit-platform-commons\1.12.2\junit-platform-commons-1.12.2.jar;C:\Users\pstefanski\.m2\repository\org\apiguardian\apiguardian-api\1.1.2\apiguardian-api-1.1.2.jar;C:\Users\pstefanski\.m2\repository\io\smallrye\config\smallrye-config\3.12.4\smallrye-config-3.12.4.jar;C:\Users\pstefanski\.m2\repository\org\junit\jupiter\junit-jupiter\5.12.2\junit-jupiter-5.12.2.jar;C:\Users\pstefanski\.m2\repository\org\junit\jupiter\junit-jupiter-params\5.12.2\junit-jupiter-params-5.12.2.jar;C:\Users\pstefanski\.m2\repository\org\junit\jupiter\junit-jupiter-engine\5.12.2\junit-jupiter-engine-5.12.2.jar;C:\Users\pstefanski\.m2\repository\org\junit\platform\junit-platform-engine\1.12.2\junit-platform-engine-1.12.2.jar;C:\Users\pstefanski\.m2\repository\io\quarkus\quarkus-core\3.21.4\quarkus-core-3.21.4.jar;C:\Users\pstefanski\.m2\repository\io\smallrye\common\smallrye-common-os\2.12.0\smallrye-common-os-2.12.0.jar;C:\Users\pstefanski\.m2\repository\io\quarkus\quarkus-ide-launcher\3.21.4\quarkus-ide-launcher-3.21.4.jar;C:\Users\pstefanski\.m2\repository\io\quarkus\quarkus-development-mode-spi\3.21.4\quarkus-development-mode-spi-3.21.4.jar;C:\Users\pstefanski\.m2\repository\org\jboss\logmanager\jboss-logmanager\3.1.2.Final\jboss-logmanager-3.1.2.Final.jar;C:\Users\pstefanski\.m2\repository\io\smallrye\common\smallrye-common-cpu\2.12.0\smallrye-common-cpu-2.12.0.jar;C:\Users\pstefanski\.m2\repository\io\smallrye\common\smallrye-common-net\2.12.0\smallrye-common-net-2.12.0.jar;C:\Users\pstefanski\.m2\repository\io\smallrye\common\smallrye-common-ref\2.12.0\smallrye-common-ref-2.12.0.jar;C:\Users\pstefanski\.m2\repository\jakarta\json\jakarta.json-api\2.1.3\jakarta.json-api-2.1.3.jar;C:\Users\pstefanski\.m2\repository\org\eclipse\parsson\parsson\1.1.7\parsson-1.1.7.jar;C:\Users\pstefanski\.m2\repository\org\jboss\logging\jboss-logging-annotations\3.0.4.Final\jboss-logging-annotations-3.0.4.Final.jar;C:\Users\pstefanski\.m2\repository\org\jboss\threads\jboss-threads\3.8.0.Final\jboss-threads-3.8.0.Final.jar;C:\Users\pstefanski\.m2\repository\org\slf4j\slf4j-api\2.0.6\slf4j-api-2.0.6.jar;C:\Users\pstefanski\.m2\repository\org\jboss\slf4j\slf4j-jboss-logmanager\2.0.0.Final\slf4j-jboss-logmanager-2.0.0.Final.jar;C:\Users\pstefanski\.m2\repository\org\wildfly\common\wildfly-common\2.0.1\wildfly-common-2.0.1.jar;C:\Users\pstefanski\.m2\repository\io\quarkus\quarkus-bootstrap-runner\3.21.4\quarkus-bootstrap-runner-3.21.4.jar;C:\Users\pstefanski\.m2\repository\io\github\crac\org-crac\0.1.3\org-crac-0.1.3.jar;C:\Users\pstefanski\.m2\repository\io\quarkus\quarkus-fs-util\0.0.10\quarkus-fs-util-0.0.10.jar;C:\Users\pstefanski\.m2\repository\org\jboss\marshalling\jboss-marshalling\2.2.3.Final\jboss-marshalling-2.2.3.Final.jar;C:\Users\pstefanski\.m2\repository\org\mockito\mockito-core\5.17.0\mockito-core-5.17.0.jar;C:\Users\pstefanski\.m2\repository\net\bytebuddy\byte-buddy\1.15.11\byte-buddy-1.15.11.jar;C:\Users\pstefanski\.m2\repository\net\bytebuddy\byte-buddy-agent\1.15.11\byte-buddy-agent-1.15.11.jar;C:\Users\pstefanski\.m2\repository\org\objenesis\objenesis\3.3\objenesis-3.3.jar;C:\Users\pstefanski\.m2\repository\io\quarkus\quarkus-junit5-mockito\3.22.1\quarkus-junit5-mockito-3.22.1.jar;C:\Users\pstefanski\.m2\repository\org\mockito\mockito-junit-jupiter\5.16.1\mockito-junit-jupiter-5.16.1.jar;C:\Users\pstefanski\.m2\repository\io\quarkus\quarkus-junit5-mockito-config\3.21.4\quarkus-junit5-mockito-config-3.21.4.jar;C:\Users\pstefanski\.m2\repository\io\quarkus\quarkus-arc-deployment\3.21.4\quarkus-arc-deployment-3.21.4.jar;C:\Users\pstefanski\.m2\repository\io\quarkus\quarkus-smallrye-context-propagation-spi\3.21.4\quarkus-smallrye-context-propagation-spi-3.21.4.jar;C:\Users\pstefanski\.m2\repository\io\quarkus\quarkus-vertx-http-dev-ui-spi\3.21.4\quarkus-vertx-http-dev-ui-spi-3.21.4.jar;C:\Users\pstefanski\.m2\repository\io\quarkus\arc\arc-processor\3.21.4\arc-processor-3.21.4.jar;"/>
    <property name="java.vm.vendor" value="Amazon.com Inc."/>
    <property name="sun.arch.data.model" value="64"/>
    <property name="user.variant" value=""/>
    <property name="java.vendor.url" value="https://aws.amazon.com/corretto/"/>
    <property name="user.timezone" value="Europe/Warsaw"/>
    <property name="user.country.format" value="PL"/>
    <property name="os.name" value="Windows 10"/>
    <property name="java.vm.specification.version" value="21"/>
    <property name="sun.java.launcher" value="SUN_STANDARD"/>
    <property name="user.country" value="US"/>
    <property name="sun.boot.library.path" value="C:\JAVA\jdk21.0.7_6\bin"/>
    <property name="sun.java.command" value="C:\Users\pstefanski\AppData\Local\Temp\surefire10047306306248494030\surefirebooter-20250509093551441_3.jar C:\Users\pstefanski\AppData\Local\Temp\surefire10047306306248494030 2025-05-09T09-35-48_101-jvmRun1 surefire-20250509093551441_1tmp surefire_0-20250509093551441_2tmp"/>
    <property name="jdk.debug" value="release"/>
    <property name="surefire.test.class.path" value="D:\Academy\repo\fraud-detection-api\fraud-detection-api\fraud-detection-risk-score\target\test-classes;D:\Academy\repo\fraud-detection-api\fraud-detection-api\fraud-detection-risk-score\target\classes;D:\Academy\repo\fraud-detection-api\fraud-detection-api\fraud-detection-common\target\fraud-detection-common-1.0-SNAPSHOT.jar;C:\Users\pstefanski\.m2\repository\jakarta\validation\jakarta.validation-api\3.0.2\jakarta.validation-api-3.0.2.jar;C:\Users\pstefanski\.m2\repository\io\quarkus\quarkus-security-jpa-common\3.21.4\quarkus-security-jpa-common-3.21.4.jar;C:\Users\pstefanski\.m2\repository\io\quarkus\quarkus-elytron-security-common\3.21.4\quarkus-elytron-security-common-3.21.4.jar;C:\Users\pstefanski\.m2\repository\org\wildfly\security\wildfly-elytron-credential\2.6.3.Final\wildfly-elytron-credential-2.6.3.Final.jar;C:\Users\pstefanski\.m2\repository\org\wildfly\security\wildfly-elytron-asn1\2.6.3.Final\wildfly-elytron-asn1-2.6.3.Final.jar;C:\Users\pstefanski\.m2\repository\org\wildfly\security\wildfly-elytron-keystore\2.6.3.Final\wildfly-elytron-keystore-2.6.3.Final.jar;C:\Users\pstefanski\.m2\repository\org\wildfly\security\wildfly-elytron-util\2.6.3.Final\wildfly-elytron-util-2.6.3.Final.jar;C:\Users\pstefanski\.m2\repository\org\wildfly\security\wildfly-elytron-base\2.6.3.Final\wildfly-elytron-base-2.6.3.Final.jar;C:\Users\pstefanski\.m2\repository\org\wildfly\security\wildfly-elytron-x500-cert\2.6.3.Final\wildfly-elytron-x500-cert-2.6.3.Final.jar;C:\Users\pstefanski\.m2\repository\org\wildfly\security\wildfly-elytron-x500-cert-util\2.6.3.Final\wildfly-elytron-x500-cert-util-2.6.3.Final.jar;C:\Users\pstefanski\.m2\repository\org\wildfly\security\wildfly-elytron-provider-util\2.6.3.Final\wildfly-elytron-provider-util-2.6.3.Final.jar;C:\Users\pstefanski\.m2\repository\org\wildfly\security\wildfly-elytron-x500\2.6.3.Final\wildfly-elytron-x500-2.6.3.Final.jar;C:\Users\pstefanski\.m2\repository\org\wildfly\security\wildfly-elytron-password-impl\2.6.3.Final\wildfly-elytron-password-impl-2.6.3.Final.jar;C:\Users\pstefanski\.m2\repository\io\quarkus\quarkus-security\3.21.4\quarkus-security-3.21.4.jar;C:\Users\pstefanski\.m2\repository\io\quarkus\quarkus-security-runtime-spi\3.21.4\quarkus-security-runtime-spi-3.21.4.jar;C:\Users\pstefanski\.m2\repository\io\quarkus\security\quarkus-security\2.2.1\quarkus-security-2.2.1.jar;C:\Users\pstefanski\.m2\repository\jakarta\persistence\jakarta.persistence-api\3.1.0\jakarta.persistence-api-3.1.0.jar;C:\Users\pstefanski\.m2\repository\io\quarkus\quarkus-hibernate-orm-panache\3.21.4\quarkus-hibernate-orm-panache-3.21.4.jar;C:\Users\pstefanski\.m2\repository\io\quarkus\quarkus-hibernate-orm\3.21.4\quarkus-hibernate-orm-3.21.4.jar;C:\Users\pstefanski\.m2\repository\io\quarkus\quarkus-agroal\3.21.4\quarkus-agroal-3.21.4.jar;C:\Users\pstefanski\.m2\repository\io\quarkus\quarkus-datasource\3.21.4\quarkus-datasource-3.21.4.jar;C:\Users\pstefanski\.m2\repository\io\agroal\agroal-api\2.6\agroal-api-2.6.jar;C:\Users\pstefanski\.m2\repository\io\agroal\agroal-narayana\2.6\agroal-narayana-2.6.jar;C:\Users\pstefanski\.m2\repository\org\jboss\jboss-transaction-spi\8.0.0.Final\jboss-transaction-spi-8.0.0.Final.jar;C:\Users\pstefanski\.m2\repository\io\agroal\agroal-pool\2.6\agroal-pool-2.6.jar;C:\Users\pstefanski\.m2\repository\io\quarkus\quarkus-credentials\3.21.4\quarkus-credentials-3.21.4.jar;C:\Users\pstefanski\.m2\repository\io\quarkus\quarkus-narayana-jta\3.21.4\quarkus-narayana-jta-3.21.4.jar;C:\Users\pstefanski\.m2\repository\io\quarkus\quarkus-transaction-annotations\3.21.4\quarkus-transaction-annotations-3.21.4.jar;C:\Users\pstefanski\.m2\repository\io\quarkus\quarkus-datasource-common\3.21.4\quarkus-datasource-common-3.21.4.jar;C:\Users\pstefanski\.m2\repository\io\smallrye\smallrye-context-propagation-jta\2.2.1\smallrye-context-propagation-jta-2.2.1.jar;C:\Users\pstefanski\.m2\repository\io\smallrye\reactive\smallrye-reactive-converter-api\3.0.3\smallrye-reactive-converter-api-3.0.3.jar;C:\Users\pstefanski\.m2\repository\org\reactivestreams\reactive-streams\1.0.4\reactive-streams-1.0.4.jar;C:\Users\pstefanski\.m2\repository\io\smallrye\reactive\smallrye-reactive-converter-mutiny\3.0.3\smallrye-reactive-converter-mutiny-3.0.3.jar;C:\Users\pstefanski\.m2\repository\io\smallrye\reactive\mutiny-zero-flow-adapters\1.1.1\mutiny-zero-flow-adapters-1.1.1.jar;C:\Users\pstefanski\.m2\repository\org\jboss\narayana\jta\narayana-jta\7.2.1.Final\narayana-jta-7.2.1.Final.jar;C:\Users\pstefanski\.m2\repository\jakarta\resource\jakarta.resource-api\2.1.0\jakarta.resource-api-2.1.0.jar;C:\Users\pstefanski\.m2\repository\org\jboss\invocation\jboss-invocation\2.0.0.Final\jboss-invocation-2.0.0.Final.jar;C:\Users\pstefanski\.m2\repository\org\eclipse\microprofile\reactive-streams-operators\microprofile-reactive-streams-operators-api\3.0.1\microprofile-reactive-streams-operators-api-3.0.1.jar;C:\Users\pstefanski\.m2\repository\org\jboss\narayana\jts\narayana-jts-integration\7.2.1.Final\narayana-jts-integration-7.2.1.Final.jar;C:\Users\pstefanski\.m2\repository\org\hibernate\orm\hibernate-core\6.6.13.Final\hibernate-core-6.6.13.Final.jar;C:\Users\pstefanski\.m2\repository\org\antlr\antlr4-runtime\4.13.0\antlr4-runtime-4.13.0.jar;C:\Users\pstefanski\.m2\repository\org\hibernate\common\hibernate-commons-annotations\7.0.3.Final\hibernate-commons-annotations-7.0.3.Final.jar;C:\Users\pstefanski\.m2\repository\org\hibernate\orm\hibernate-graalvm\6.6.13.Final\hibernate-graalvm-6.6.13.Final.jar;C:\Users\pstefanski\.m2\repository\org\glassfish\jaxb\jaxb-runtime\4.0.5\jaxb-runtime-4.0.5.jar;C:\Users\pstefanski\.m2\repository\org\glassfish\jaxb\jaxb-core\4.0.5\jaxb-core-4.0.5.jar;C:\Users\pstefanski\.m2\repository\org\eclipse\angus\angus-activation\2.0.2\angus-activation-2.0.2.jar;C:\Users\pstefanski\.m2\repository\org\glassfish\jaxb\txw2\4.0.5\txw2-4.0.5.jar;C:\Users\pstefanski\.m2\repository\com\sun\istack\istack-commons-runtime\4.1.2\istack-commons-runtime-4.1.2.jar;C:\Users\pstefanski\.m2\repository\jakarta\xml\bind\jakarta.xml.bind-api\4.0.2\jakarta.xml.bind-api-4.0.2.jar;C:\Users\pstefanski\.m2\repository\jakarta\activation\jakarta.activation-api\2.1.3\jakarta.activation-api-2.1.3.jar;C:\Users\pstefanski\.m2\repository\jakarta\transaction\jakarta.transaction-api\2.0.1\jakarta.transaction-api-2.0.1.jar;C:\Users\pstefanski\.m2\repository\org\hibernate\quarkus-local-cache\0.3.1\quarkus-local-cache-0.3.1.jar;C:\Users\pstefanski\.m2\repository\io\quarkus\quarkus-hibernate-orm-panache-common\3.21.4\quarkus-hibernate-orm-panache-common-3.21.4.jar;C:\Users\pstefanski\.m2\repository\io\quarkus\quarkus-panache-hibernate-common\3.21.4\quarkus-panache-hibernate-common-3.21.4.jar;C:\Users\pstefanski\.m2\repository\io\quarkus\quarkus-panache-common\3.21.4\quarkus-panache-common-3.21.4.jar;C:\Users\pstefanski\.m2\repository\io\quarkus\quarkus-hibernate-validator\3.21.4\quarkus-hibernate-validator-3.21.4.jar;C:\Users\pstefanski\.m2\repository\org\hibernate\validator\hibernate-validator\8.0.2.Final\hibernate-validator-8.0.2.Final.jar;C:\Users\pstefanski\.m2\repository\com\fasterxml\classmate\1.7.0\classmate-1.7.0.jar;C:\Users\pstefanski\.m2\repository\org\glassfish\expressly\expressly\5.0.0\expressly-5.0.0.jar;C:\Users\pstefanski\.m2\repository\io\smallrye\config\smallrye-config-validator\3.12.4\smallrye-config-validator-3.12.4.jar;C:\Users\pstefanski\.m2\repository\jakarta\ws\rs\jakarta.ws.rs-api\3.1.0\jakarta.ws.rs-api-3.1.0.jar;C:\Users\pstefanski\.m2\repository\com\fasterxml\jackson\core\jackson-annotations\2.18.2\jackson-annotations-2.18.2.jar;C:\Users\pstefanski\.m2\repository\jakarta\enterprise\jakarta.enterprise.cdi-api\4.1.0\jakarta.enterprise.cdi-api-4.1.0.jar;C:\Users\pstefanski\.m2\repository\jakarta\enterprise\jakarta.enterprise.lang-model\4.1.0\jakarta.enterprise.lang-model-4.1.0.jar;C:\Users\pstefanski\.m2\repository\jakarta\annotation\jakarta.annotation-api\3.0.0\jakarta.annotation-api-3.0.0.jar;C:\Users\pstefanski\.m2\repository\jakarta\el\jakarta.el-api\5.0.1\jakarta.el-api-5.0.1.jar;C:\Users\pstefanski\.m2\repository\jakarta\interceptor\jakarta.interceptor-api\2.2.0\jakarta.interceptor-api-2.2.0.jar;C:\Users\pstefanski\.m2\repository\jakarta\inject\jakarta.inject-api\2.0.1\jakarta.inject-api-2.0.1.jar;C:\Users\pstefanski\.m2\repository\io\smallrye\config\smallrye-config-core\3.12.4\smallrye-config-core-3.12.4.jar;C:\Users\pstefanski\.m2\repository\org\eclipse\microprofile\config\microprofile-config-api\3.1\microprofile-config-api-3.1.jar;C:\Users\pstefanski\.m2\repository\io\smallrye\common\smallrye-common-annotation\2.12.0\smallrye-common-annotation-2.12.0.jar;C:\Users\pstefanski\.m2\repository\io\smallrye\common\smallrye-common-expression\2.12.0\smallrye-common-expression-2.12.0.jar;C:\Users\pstefanski\.m2\repository\io\smallrye\common\smallrye-common-function\2.12.0\smallrye-common-function-2.12.0.jar;C:\Users\pstefanski\.m2\repository\io\smallrye\common\smallrye-common-constraint\2.12.0\smallrye-common-constraint-2.12.0.jar;C:\Users\pstefanski\.m2\repository\io\smallrye\common\smallrye-common-classloader\2.12.0\smallrye-common-classloader-2.12.0.jar;C:\Users\pstefanski\.m2\repository\org\jboss\logging\jboss-logging\3.6.1.Final\jboss-logging-3.6.1.Final.jar;C:\Users\pstefanski\.m2\repository\org\ow2\asm\asm\9.7.1\asm-9.7.1.jar;C:\Users\pstefanski\.m2\repository\io\smallrye\config\smallrye-config-common\3.12.4\smallrye-config-common-3.12.4.jar;C:\Users\pstefanski\.m2\repository\io\quarkus\quarkus-cache\3.21.4\quarkus-cache-3.21.4.jar;C:\Users\pstefanski\.m2\repository\io\quarkus\quarkus-arc\3.21.4\quarkus-arc-3.21.4.jar;C:\Users\pstefanski\.m2\repository\io\quarkus\arc\arc\3.21.4\arc-3.21.4.jar;C:\Users\pstefanski\.m2\repository\org\eclipse\microprofile\context-propagation\microprofile-context-propagation-api\1.3\microprofile-context-propagation-api-1.3.jar;C:\Users\pstefanski\.m2\repository\io\quarkus\quarkus-caffeine\3.21.4\quarkus-caffeine-3.21.4.jar;C:\Users\pstefanski\.m2\repository\com\github\ben-manes\caffeine\caffeine\3.2.0\caffeine-3.2.0.jar;C:\Users\pstefanski\.m2\repository\org\jspecify\jspecify\1.0.0\jspecify-1.0.0.jar;C:\Users\pstefanski\.m2\repository\com\google\errorprone\error_prone_annotations\2.36.0\error_prone_annotations-2.36.0.jar;C:\Users\pstefanski\.m2\repository\io\quarkus\quarkus-mutiny\3.21.4\quarkus-mutiny-3.21.4.jar;C:\Users\pstefanski\.m2\repository\io\smallrye\reactive\mutiny\2.8.0\mutiny-2.8.0.jar;C:\Users\pstefanski\.m2\repository\org\jctools\jctools-core\4.0.5\jctools-core-4.0.5.jar;C:\Users\pstefanski\.m2\repository\io\quarkus\quarkus-smallrye-context-propagation\3.21.4\quarkus-smallrye-context-propagation-3.21.4.jar;C:\Users\pstefanski\.m2\repository\io\smallrye\smallrye-context-propagation\2.2.1\smallrye-context-propagation-2.2.1.jar;C:\Users\pstefanski\.m2\repository\io\smallrye\smallrye-context-propagation-api\2.2.1\smallrye-context-propagation-api-2.2.1.jar;C:\Users\pstefanski\.m2\repository\io\smallrye\smallrye-context-propagation-storage\2.2.1\smallrye-context-propagation-storage-2.2.1.jar;C:\Users\pstefanski\.m2\repository\io\smallrye\reactive\mutiny-smallrye-context-propagation\2.8.0\mutiny-smallrye-context-propagation-2.8.0.jar;C:\Users\pstefanski\.m2\repository\io\quarkus\quarkus-vertx\3.21.4\quarkus-vertx-3.21.4.jar;C:\Users\pstefanski\.m2\repository\io\quarkus\quarkus-netty\3.21.4\quarkus-netty-3.21.4.jar;C:\Users\pstefanski\.m2\repository\io\netty\netty-codec\4.1.119.Final\netty-codec-4.1.119.Final.jar;C:\Users\pstefanski\.m2\repository\io\netty\netty-common\4.1.119.Final\netty-common-4.1.119.Final.jar;C:\Users\pstefanski\.m2\repository\io\netty\netty-codec-http\4.1.119.Final\netty-codec-http-4.1.119.Final.jar;C:\Users\pstefanski\.m2\repository\io\netty\netty-codec-http2\4.1.119.Final\netty-codec-http2-4.1.119.Final.jar;C:\Users\pstefanski\.m2\repository\io\netty\netty-handler\4.1.119.Final\netty-handler-4.1.119.Final.jar;C:\Users\pstefanski\.m2\repository\io\netty\netty-resolver\4.1.119.Final\netty-resolver-4.1.119.Final.jar;C:\Users\pstefanski\.m2\repository\io\netty\netty-transport-native-unix-common\4.1.119.Final\netty-transport-native-unix-common-4.1.119.Final.jar;C:\Users\pstefanski\.m2\repository\io\netty\netty-codec-haproxy\4.1.119.Final\netty-codec-haproxy-4.1.119.Final.jar;C:\Users\pstefanski\.m2\repository\io\netty\netty-buffer\4.1.119.Final\netty-buffer-4.1.119.Final.jar;C:\Users\pstefanski\.m2\repository\io\netty\netty-transport\4.1.119.Final\netty-transport-4.1.119.Final.jar;C:\Users\pstefanski\.m2\repository\io\smallrye\common\smallrye-common-vertx-context\2.12.0\smallrye-common-vertx-context-2.12.0.jar;C:\Users\pstefanski\.m2\repository\io\vertx\vertx-core\4.5.14\vertx-core-4.5.14.jar;C:\Users\pstefanski\.m2\repository\io\netty\netty-handler-proxy\4.1.119.Final\netty-handler-proxy-4.1.119.Final.jar;C:\Users\pstefanski\.m2\repository\io\netty\netty-codec-socks\4.1.119.Final\netty-codec-socks-4.1.119.Final.jar;C:\Users\pstefanski\.m2\repository\io\netty\netty-resolver-dns\4.1.119.Final\netty-resolver-dns-4.1.119.Final.jar;C:\Users\pstefanski\.m2\repository\io\netty\netty-codec-dns\4.1.119.Final\netty-codec-dns-4.1.119.Final.jar;C:\Users\pstefanski\.m2\repository\com\fasterxml\jackson\core\jackson-core\2.18.2\jackson-core-2.18.2.jar;C:\Users\pstefanski\.m2\repository\io\quarkus\quarkus-virtual-threads\3.21.4\quarkus-virtual-threads-3.21.4.jar;C:\Users\pstefanski\.m2\repository\io\quarkus\quarkus-vertx-latebound-mdc-provider\3.21.4\quarkus-vertx-latebound-mdc-provider-3.21.4.jar;C:\Users\pstefanski\.m2\repository\io\smallrye\reactive\smallrye-mutiny-vertx-core\3.18.1\smallrye-mutiny-vertx-core-3.18.1.jar;C:\Users\pstefanski\.m2\repository\io\smallrye\reactive\smallrye-mutiny-vertx-runtime\3.18.1\smallrye-mutiny-vertx-runtime-3.18.1.jar;C:\Users\pstefanski\.m2\repository\io\smallrye\reactive\vertx-mutiny-generator\3.18.1\vertx-mutiny-generator-3.18.1.jar;C:\Users\pstefanski\.m2\repository\io\vertx\vertx-codegen\4.5.14\vertx-codegen-4.5.14.jar;C:\Users\pstefanski\.m2\repository\io\smallrye\smallrye-fault-tolerance-vertx\6.9.1\smallrye-fault-tolerance-vertx-6.9.1.jar;C:\Users\pstefanski\.m2\repository\io\quarkus\quarkus-cache-runtime-spi\3.21.4\quarkus-cache-runtime-spi-3.21.4.jar;C:\Users\pstefanski\.m2\repository\org\projectlombok\lombok\1.18.38\lombok-1.18.38.jar;C:\Users\pstefanski\.m2\repository\io\quarkus\quarkus-junit5\3.21.4\quarkus-junit5-3.21.4.jar;C:\Users\pstefanski\.m2\repository\io\quarkus\quarkus-bootstrap-core\3.21.4\quarkus-bootstrap-core-3.21.4.jar;C:\Users\pstefanski\.m2\repository\io\quarkus\quarkus-classloader-commons\3.21.4\quarkus-classloader-commons-3.21.4.jar;C:\Users\pstefanski\.m2\repository\io\quarkus\quarkus-bootstrap-app-model\3.21.4\quarkus-bootstrap-app-model-3.21.4.jar;C:\Users\pstefanski\.m2\repository\io\smallrye\common\smallrye-common-io\2.12.0\smallrye-common-io-2.12.0.jar;C:\Users\pstefanski\.m2\repository\org\eclipse\sisu\org.eclipse.sisu.inject\0.9.0.M3\org.eclipse.sisu.inject-0.9.0.M3.jar;C:\Users\pstefanski\.m2\repository\io\quarkus\quarkus-test-common\3.21.4\quarkus-test-common-3.21.4.jar;C:\Users\pstefanski\.m2\repository\io\quarkus\quarkus-core-deployment\3.21.4\quarkus-core-deployment-3.21.4.jar;C:\Users\pstefanski\.m2\repository\org\aesh\readline\2.6\readline-2.6.jar;C:\Users\pstefanski\.m2\repository\org\fusesource\jansi\jansi\2.4.0\jansi-2.4.0.jar;C:\Users\pstefanski\.m2\repository\org\aesh\aesh\2.8.2\aesh-2.8.2.jar;C:\Users\pstefanski\.m2\repository\org\apache\commons\commons-lang3\3.17.0\commons-lang3-3.17.0.jar;C:\Users\pstefanski\.m2\repository\io\quarkus\gizmo\gizmo\1.9.0\gizmo-1.9.0.jar;C:\Users\pstefanski\.m2\repository\org\ow2\asm\asm-util\9.7.1\asm-util-9.7.1.jar;C:\Users\pstefanski\.m2\repository\org\ow2\asm\asm-analysis\9.7.1\asm-analysis-9.7.1.jar;C:\Users\pstefanski\.m2\repository\org\ow2\asm\asm-commons\9.7.1\asm-commons-9.7.1.jar;C:\Users\pstefanski\.m2\repository\org\ow2\asm\asm-tree\9.7.1\asm-tree-9.7.1.jar;C:\Users\pstefanski\.m2\repository\io\quarkus\quarkus-hibernate-validator-spi\3.21.4\quarkus-hibernate-validator-spi-3.21.4.jar;C:\Users\pstefanski\.m2\repository\io\quarkus\quarkus-class-change-agent\3.21.4\quarkus-class-change-agent-3.21.4.jar;C:\Users\pstefanski\.m2\repository\io\quarkus\quarkus-devtools-utilities\3.21.4\quarkus-devtools-utilities-3.21.4.jar;C:\Users\pstefanski\.m2\repository\io\quarkus\quarkus-builder\3.21.4\quarkus-builder-3.21.4.jar;C:\Users\pstefanski\.m2\repository\org\graalvm\sdk\nativeimage\23.1.2\nativeimage-23.1.2.jar;C:\Users\pstefanski\.m2\repository\org\graalvm\sdk\word\23.1.2\word-23.1.2.jar;C:\Users\pstefanski\.m2\repository\org\junit\platform\junit-platform-launcher\1.12.2\junit-platform-launcher-1.12.2.jar;C:\Users\pstefanski\.m2\repository\io\quarkus\quarkus-bootstrap-maven-resolver\3.21.4\quarkus-bootstrap-maven-resolver-3.21.4.jar;C:\Users\pstefanski\.m2\repository\io\smallrye\beanbag\smallrye-beanbag-maven\1.5.2\smallrye-beanbag-maven-1.5.2.jar;C:\Users\pstefanski\.m2\repository\io\smallrye\beanbag\smallrye-beanbag-sisu\1.5.2\smallrye-beanbag-sisu-1.5.2.jar;C:\Users\pstefanski\.m2\repository\io\smallrye\beanbag\smallrye-beanbag\1.5.2\smallrye-beanbag-1.5.2.jar;C:\Users\pstefanski\.m2\repository\commons-codec\commons-codec\1.18.0\commons-codec-1.18.0.jar;C:\Users\pstefanski\.m2\repository\javax\inject\javax.inject\1\javax.inject-1.jar;C:\Users\pstefanski\.m2\repository\org\apache\httpcomponents\httpclient\4.5.14\httpclient-4.5.14.jar;C:\Users\pstefanski\.m2\repository\org\apache\httpcomponents\httpcore\4.4.16\httpcore-4.4.16.jar;C:\Users\pstefanski\.m2\repository\org\apache\maven\maven-artifact\3.9.9\maven-artifact-3.9.9.jar;C:\Users\pstefanski\.m2\repository\org\apache\maven\maven-builder-support\3.9.9\maven-builder-support-3.9.9.jar;C:\Users\pstefanski\.m2\repository\org\apache\maven\maven-model\3.9.9\maven-model-3.9.9.jar;C:\Users\pstefanski\.m2\repository\org\apache\maven\maven-model-builder\3.9.9\maven-model-builder-3.9.9.jar;C:\Users\pstefanski\.m2\repository\org\apache\maven\maven-repository-metadata\3.9.9\maven-repository-metadata-3.9.9.jar;C:\Users\pstefanski\.m2\repository\org\apache\maven\maven-settings\3.9.9\maven-settings-3.9.9.jar;C:\Users\pstefanski\.m2\repository\org\apache\maven\resolver\maven-resolver-api\1.9.22\maven-resolver-api-1.9.22.jar;C:\Users\pstefanski\.m2\repository\org\apache\maven\resolver\maven-resolver-impl\1.9.22\maven-resolver-impl-1.9.22.jar;C:\Users\pstefanski\.m2\repository\org\apache\maven\resolver\maven-resolver-named-locks\1.9.22\maven-resolver-named-locks-1.9.22.jar;C:\Users\pstefanski\.m2\repository\org\apache\maven\resolver\maven-resolver-spi\1.9.22\maven-resolver-spi-1.9.22.jar;C:\Users\pstefanski\.m2\repository\org\apache\maven\resolver\maven-resolver-util\1.9.22\maven-resolver-util-1.9.22.jar;C:\Users\pstefanski\.m2\repository\org\apache\maven\resolver\maven-resolver-transport-http\1.9.20\maven-resolver-transport-http-1.9.20.jar;C:\Users\pstefanski\.m2\repository\org\apache\maven\wagon\wagon-provider-api\3.5.3\wagon-provider-api-3.5.3.jar;C:\Users\pstefanski\.m2\repository\org\apache\maven\wagon\wagon-http-shared\3.5.3\wagon-http-shared-3.5.3.jar;C:\Users\pstefanski\.m2\repository\org\codehaus\plexus\plexus-interpolation\1.26\plexus-interpolation-1.26.jar;C:\Users\pstefanski\.m2\repository\org\codehaus\plexus\plexus-utils\3.5.1\plexus-utils-3.5.1.jar;C:\Users\pstefanski\.m2\repository\org\codehaus\plexus\plexus-xml\4.0.1\plexus-xml-4.0.1.jar;C:\Users\pstefanski\.m2\repository\org\apache\maven\maven-xml-impl\4.0.0-alpha-5\maven-xml-impl-4.0.0-alpha-5.jar;C:\Users\pstefanski\.m2\repository\org\apache\maven\maven-api-xml\4.0.0-alpha-5\maven-api-xml-4.0.0-alpha-5.jar;C:\Users\pstefanski\.m2\repository\org\apache\maven\maven-api-meta\4.0.0-alpha-5\maven-api-meta-4.0.0-alpha-5.jar;C:\Users\pstefanski\.m2\repository\org\codehaus\plexus\plexus-cipher\2.0\plexus-cipher-2.0.jar;C:\Users\pstefanski\.m2\repository\org\codehaus\plexus\plexus-sec-dispatcher\2.0\plexus-sec-dispatcher-2.0.jar;C:\Users\pstefanski\.m2\repository\org\apache\maven\maven-embedder\3.9.9\maven-embedder-3.9.9.jar;C:\Users\pstefanski\.m2\repository\org\apache\maven\maven-core\3.9.9\maven-core-3.9.9.jar;C:\Users\pstefanski\.m2\repository\org\codehaus\plexus\plexus-component-annotations\2.1.0\plexus-component-annotations-2.1.0.jar;C:\Users\pstefanski\.m2\repository\org\apache\maven\maven-plugin-api\3.9.9\maven-plugin-api-3.9.9.jar;C:\Users\pstefanski\.m2\repository\org\apache\maven\shared\maven-shared-utils\3.4.2\maven-shared-utils-3.4.2.jar;C:\Users\pstefanski\.m2\repository\com\google\inject\guice\5.1.0\guice-5.1.0.jar;C:\Users\pstefanski\.m2\repository\aopalliance\aopalliance\1.0\aopalliance-1.0.jar;C:\Users\pstefanski\.m2\repository\com\google\guava\guava\33.4.8-jre\guava-33.4.8-jre.jar;C:\Users\pstefanski\.m2\repository\com\google\guava\failureaccess\1.0.1\failureaccess-1.0.1.jar;C:\Users\pstefanski\.m2\repository\javax\annotation\javax.annotation-api\1.3.2\javax.annotation-api-1.3.2.jar;C:\Users\pstefanski\.m2\repository\org\codehaus\plexus\plexus-classworlds\2.6.0\plexus-classworlds-2.6.0.jar;C:\Users\pstefanski\.m2\repository\commons-cli\commons-cli\1.8.0\commons-cli-1.8.0.jar;C:\Users\pstefanski\.m2\repository\org\eclipse\sisu\org.eclipse.sisu.plexus\0.9.0.M3\org.eclipse.sisu.plexus-0.9.0.M3.jar;C:\Users\pstefanski\.m2\repository\org\apache\maven\maven-settings-builder\3.9.9\maven-settings-builder-3.9.9.jar;C:\Users\pstefanski\.m2\repository\org\apache\maven\maven-resolver-provider\3.9.9\maven-resolver-provider-3.9.9.jar;C:\Users\pstefanski\.m2\repository\org\apache\maven\resolver\maven-resolver-connector-basic\1.9.22\maven-resolver-connector-basic-1.9.22.jar;C:\Users\pstefanski\.m2\repository\org\apache\maven\resolver\maven-resolver-transport-wagon\1.9.22\maven-resolver-transport-wagon-1.9.22.jar;C:\Users\pstefanski\.m2\repository\org\apache\maven\wagon\wagon-http\3.5.3\wagon-http-3.5.3.jar;C:\Users\pstefanski\.m2\repository\org\apache\maven\wagon\wagon-file\3.5.3\wagon-file-3.5.3.jar;C:\Users\pstefanski\.m2\repository\io\quarkus\quarkus-bootstrap-gradle-resolver\3.21.4\quarkus-bootstrap-gradle-resolver-3.21.4.jar;C:\Users\pstefanski\.m2\repository\io\smallrye\jandex\3.3.0\jandex-3.3.0.jar;C:\Users\pstefanski\.m2\repository\commons-io\commons-io\2.18.0\commons-io-2.18.0.jar;C:\Users\pstefanski\.m2\repository\org\jboss\logging\commons-logging-jboss-logging\1.0.0.Final\commons-logging-jboss-logging-1.0.0.Final.jar;C:\Users\pstefanski\.m2\repository\io\quarkus\quarkus-junit5-config\3.21.4\quarkus-junit5-config-3.21.4.jar;C:\Users\pstefanski\.m2\repository\org\junit\jupiter\junit-jupiter-api\5.12.2\junit-jupiter-api-5.12.2.jar;C:\Users\pstefanski\.m2\repository\org\opentest4j\opentest4j\1.3.0\opentest4j-1.3.0.jar;C:\Users\pstefanski\.m2\repository\org\junit\platform\junit-platform-commons\1.12.2\junit-platform-commons-1.12.2.jar;C:\Users\pstefanski\.m2\repository\org\apiguardian\apiguardian-api\1.1.2\apiguardian-api-1.1.2.jar;C:\Users\pstefanski\.m2\repository\io\smallrye\config\smallrye-config\3.12.4\smallrye-config-3.12.4.jar;C:\Users\pstefanski\.m2\repository\org\junit\jupiter\junit-jupiter\5.12.2\junit-jupiter-5.12.2.jar;C:\Users\pstefanski\.m2\repository\org\junit\jupiter\junit-jupiter-params\5.12.2\junit-jupiter-params-5.12.2.jar;C:\Users\pstefanski\.m2\repository\org\junit\jupiter\junit-jupiter-engine\5.12.2\junit-jupiter-engine-5.12.2.jar;C:\Users\pstefanski\.m2\repository\org\junit\platform\junit-platform-engine\1.12.2\junit-platform-engine-1.12.2.jar;C:\Users\pstefanski\.m2\repository\io\quarkus\quarkus-core\3.21.4\quarkus-core-3.21.4.jar;C:\Users\pstefanski\.m2\repository\io\smallrye\common\smallrye-common-os\2.12.0\smallrye-common-os-2.12.0.jar;C:\Users\pstefanski\.m2\repository\io\quarkus\quarkus-ide-launcher\3.21.4\quarkus-ide-launcher-3.21.4.jar;C:\Users\pstefanski\.m2\repository\io\quarkus\quarkus-development-mode-spi\3.21.4\quarkus-development-mode-spi-3.21.4.jar;C:\Users\pstefanski\.m2\repository\org\jboss\logmanager\jboss-logmanager\3.1.2.Final\jboss-logmanager-3.1.2.Final.jar;C:\Users\pstefanski\.m2\repository\io\smallrye\common\smallrye-common-cpu\2.12.0\smallrye-common-cpu-2.12.0.jar;C:\Users\pstefanski\.m2\repository\io\smallrye\common\smallrye-common-net\2.12.0\smallrye-common-net-2.12.0.jar;C:\Users\pstefanski\.m2\repository\io\smallrye\common\smallrye-common-ref\2.12.0\smallrye-common-ref-2.12.0.jar;C:\Users\pstefanski\.m2\repository\jakarta\json\jakarta.json-api\2.1.3\jakarta.json-api-2.1.3.jar;C:\Users\pstefanski\.m2\repository\org\eclipse\parsson\parsson\1.1.7\parsson-1.1.7.jar;C:\Users\pstefanski\.m2\repository\org\jboss\logging\jboss-logging-annotations\3.0.4.Final\jboss-logging-annotations-3.0.4.Final.jar;C:\Users\pstefanski\.m2\repository\org\jboss\threads\jboss-threads\3.8.0.Final\jboss-threads-3.8.0.Final.jar;C:\Users\pstefanski\.m2\repository\org\slf4j\slf4j-api\2.0.6\slf4j-api-2.0.6.jar;C:\Users\pstefanski\.m2\repository\org\jboss\slf4j\slf4j-jboss-logmanager\2.0.0.Final\slf4j-jboss-logmanager-2.0.0.Final.jar;C:\Users\pstefanski\.m2\repository\org\wildfly\common\wildfly-common\2.0.1\wildfly-common-2.0.1.jar;C:\Users\pstefanski\.m2\repository\io\quarkus\quarkus-bootstrap-runner\3.21.4\quarkus-bootstrap-runner-3.21.4.jar;C:\Users\pstefanski\.m2\repository\io\github\crac\org-crac\0.1.3\org-crac-0.1.3.jar;C:\Users\pstefanski\.m2\repository\io\quarkus\quarkus-fs-util\0.0.10\quarkus-fs-util-0.0.10.jar;C:\Users\pstefanski\.m2\repository\org\jboss\marshalling\jboss-marshalling\2.2.3.Final\jboss-marshalling-2.2.3.Final.jar;C:\Users\pstefanski\.m2\repository\org\mockito\mockito-core\5.17.0\mockito-core-5.17.0.jar;C:\Users\pstefanski\.m2\repository\net\bytebuddy\byte-buddy\1.15.11\byte-buddy-1.15.11.jar;C:\Users\pstefanski\.m2\repository\net\bytebuddy\byte-buddy-agent\1.15.11\byte-buddy-agent-1.15.11.jar;C:\Users\pstefanski\.m2\repository\org\objenesis\objenesis\3.3\objenesis-3.3.jar;C:\Users\pstefanski\.m2\repository\io\quarkus\quarkus-junit5-mockito\3.22.1\quarkus-junit5-mockito-3.22.1.jar;C:\Users\pstefanski\.m2\repository\org\mockito\mockito-junit-jupiter\5.16.1\mockito-junit-jupiter-5.16.1.jar;C:\Users\pstefanski\.m2\repository\io\quarkus\quarkus-junit5-mockito-config\3.21.4\quarkus-junit5-mockito-config-3.21.4.jar;C:\Users\pstefanski\.m2\repository\io\quarkus\quarkus-arc-deployment\3.21.4\quarkus-arc-deployment-3.21.4.jar;C:\Users\pstefanski\.m2\repository\io\quarkus\quarkus-smallrye-context-propagation-spi\3.21.4\quarkus-smallrye-context-propagation-spi-3.21.4.jar;C:\Users\pstefanski\.m2\repository\io\quarkus\quarkus-vertx-http-dev-ui-spi\3.21.4\quarkus-vertx-http-dev-ui-spi-3.21.4.jar;C:\Users\pstefanski\.m2\repository\io\quarkus\arc\arc-processor\3.21.4\arc-processor-3.21.4.jar;"/>
    <property name="sun.cpu.endian" value="little"/>
    <property name="user.home" value="C:\Users\pstefanski"/>
    <property name="user.language" value="en"/>
    <property name="java.specification.vendor" value="Oracle Corporation"/>
    <property name="java.version.date" value="2025-04-15"/>
    <property name="java.home" value="C:\JAVA\jdk21.0.7_6"/>
    <property name="file.separator" value="\"/>
    <property name="basedir" value="D:\Academy\repo\fraud-detection-api\fraud-detection-api\fraud-detection-risk-score"/>
    <property name="java.vm.compressedOopsMode" value="Zero based"/>
    <property name="line.separator" value="&#10;"/>
    <property name="java.vm.specification.vendor" value="Oracle Corporation"/>
    <property name="java.specification.name" value="Java Platform API Specification"/>
    <property name="surefire.real.class.path" value="C:\Users\pstefanski\AppData\Local\Temp\surefire10047306306248494030\surefirebooter-20250509093551441_3.jar"/>
    <property name="user.script" value=""/>
    <property name="sun.management.compiler" value="HotSpot 64-Bit Tiered Compilers"/>
    <property name="java.runtime.version" value="21.0.7+6-LTS"/>
    <property name="user.name" value="pstefanski"/>
    <property name="stdout.encoding" value="Cp1250"/>
    <property name="path.separator" value=";"/>
    <property name="os.version" value="10.0"/>
    <property name="java.runtime.name" value="OpenJDK Runtime Environment"/>
    <property name="file.encoding" value="UTF-8"/>
    <property name="java.vm.name" value="OpenJDK 64-Bit Server VM"/>
    <property name="java.vendor.version" value="Corretto-21.0.7.6.1"/>
    <property name="localRepository" value="C:\Users\pstefanski\.m2\repository"/>
    <property name="java.vendor.url.bug" value="https://github.com/corretto/corretto-21/issues/"/>
    <property name="java.io.tmpdir" value="C:\Users\PSTEFA~1\AppData\Local\Temp\"/>
    <property name="java.version" value="21.0.7"/>
    <property name="user.dir" value="D:\Academy\repo\fraud-detection-api\fraud-detection-api\fraud-detection-risk-score"/>
    <property name="os.arch" value="amd64"/>
    <property name="java.vm.specification.name" value="Java Virtual Machine Specification"/>
    <property name="user.language.format" value="pl"/>
    <property name="sun.os.patch.level" value=""/>
    <property name="native.encoding" value="Cp1250"/>
    <property name="java.util.logging.manager" value="org.jboss.logmanager.LogManager"/>
    <property name="java.library.path" value="C:\JAVA\jdk21.0.7_6\bin;C:\WINDOWS\Sun\Java\bin;C:\WINDOWS\system32;C:\WINDOWS;C:\Program Files (x86)\VMware\VMware Workstation\bin\;C:\WINDOWS\system32;C:\WINDOWS;C:\WINDOWS\System32\Wbem;C:\WINDOWS\System32\WindowsPowerShell\v1.0\;C:\WINDOWS\System32\OpenSSH\;C:\Program Files\dotnet\;C:\Program Files (x86)\NVIDIA Corporation\PhysX\Common;C:\Program Files\Docker\Docker\resources\bin;C:\mvn\apache-maven-3.9.9-bin\apache-maven-3.9.9\bin;C:\Users\pstefanski\AppData\Local\Microsoft\WindowsApps;C:\Users\pstefanski\AppData\Local\Programs\Git\cmd;C:\Users\pstefanski\AppData\Local\GitHubDesktop\bin;."/>
    <property name="jdk.console" value="java.base"/>
    <property name="java.vm.info" value="mixed mode, sharing"/>
    <property name="stderr.encoding" value="Cp1250"/>
    <property name="java.vendor" value="Amazon.com Inc."/>
    <property name="java.vm.version" value="21.0.7+6-LTS"/>
    <property name="sun.io.unicode.encoding" value="UnicodeLittle"/>
    <property name="java.class.version" value="65.0"/>
  </properties>
  <testcase name="shouldThrowExceptionWhenIndicatorIsNull" classname="com.frauddetection.api.rule.definition.AnonymousPrepaidIndicatorRuleTest" time="0.758">
    <system-err><![CDATA[Mockito is currently self-attaching to enable the inline-mock-maker. This will no longer work in future releases of the JDK. Please add Mockito as an agent to your build as described in Mockito's documentation: https://javadoc.io/doc/org.mockito/mockito-core/latest/org.mockito/org/mockito/Mockito.html#0.3
maj 09, 2025 9:35:52 AM org.jboss.logmanager.JBossLoggerFinder getLogger
ERROR: The LogManager accessed before the "java.util.logging.manager" system property was set to "org.jboss.logmanager.LogManager". Results may be unexpected.
WARNING: A Java agent has been loaded dynamically (C:\Users\pstefanski\.m2\repository\net\bytebuddy\byte-buddy-agent\1.15.11\byte-buddy-agent-1.15.11.jar)
WARNING: If a serviceability tool is in use, please run with -XX:+EnableDynamicAgentLoading to hide this warning
WARNING: If a serviceability tool is not in use, please run with -Djdk.instrument.traceUsage for more information
WARNING: Dynamic loading of agents will be disallowed by default in a future release
]]></system-err>
  </testcase>
  <testcase name="shouldReturnFalseWhenIndicatorIsNotA" classname="com.frauddetection.api.rule.definition.AnonymousPrepaidIndicatorRuleTest" time="0.005"/>
  <testcase name="shouldReturnTrueWhenIndicatorIsA" classname="com.frauddetection.api.rule.definition.AnonymousPrepaidIndicatorRuleTest" time="0.004"/>
  <testcase name="shouldThrowExceptionWhenIndicatorIsEmpty" classname="com.frauddetection.api.rule.definition.AnonymousPrepaidIndicatorRuleTest" time="0.003"/>
</testsuite>